<?xml version="1.0" encoding="UTF-8"?>
<testng-results skipped="0" failed="0" ignored="0" total="1" passed="1">
  <reporter-output>
  </reporter-output>
  <suite name="Suite" duration-ms="32704" started-at="2017-07-09T11:51:29Z" finished-at="2017-07-09T11:52:02Z">
    <groups>
    </groups>
    <test name="Test" duration-ms="32704" started-at="2017-07-09T11:51:29Z" finished-at="2017-07-09T11:52:02Z">
      <class name="tests.TC_001">
        <test-method status="PASS" signature="fb_login()[pri:0, instance:tests.TC_001@1df28bb]" name="fb_login" duration-ms="32673" started-at="2017-07-09T17:21:29Z" finished-at="2017-07-09T17:22:02Z">
          <reporter-output>
          </reporter-output>
        </test-method> <!-- fb_login -->
      </class> <!-- tests.TC_001 -->
    </test> <!-- Test -->
  </suite> <!-- Suite -->
</testng-results>
