<?xml version="1.0" encoding="UTF-8"?>
<testng-results skipped="0" failed="0" ignored="0" total="1" passed="1">
  <reporter-output>
  </reporter-output>
  <suite name="Suite" duration-ms="18722" started-at="2017-07-09T06:17:28Z" finished-at="2017-07-09T06:17:47Z">
    <groups>
    </groups>
    <test name="Test" duration-ms="18722" started-at="2017-07-09T06:17:28Z" finished-at="2017-07-09T06:17:47Z">
      <class name="tests.TC_001">
        <test-method status="PASS" signature="fb_login()[pri:0, instance:tests.TC_001@e45eb6]" name="fb_login" duration-ms="18671" started-at="2017-07-09T11:47:28Z" finished-at="2017-07-09T11:47:47Z">
          <reporter-output>
          </reporter-output>
        </test-method> <!-- fb_login -->
      </class> <!-- tests.TC_001 -->
    </test> <!-- Test -->
  </suite> <!-- Suite -->
</testng-results>
